<?xml version="1.0" encoding="UTF-8"?>
<testsuite name="apiTest.Api_1" tests="1" skipped="0" failures="0" errors="0" timestamp="2019-11-22T13:58:37" hostname="BackEnd-3" time="2.324">
  <properties/>
  <testcase name="getWeatherDetails" classname="apiTest.Api_1" time="2.324"/>
  <system-out><![CDATA[responseBody = {
    "data": [
        {
            "id": 1,
            "name": "Facebook",
            "external_provider": "facebook",
            "active": true,
            "display_order": 1
        },
        {
            "id": 2,
            "name": "LinkedIn",
            "external_provider": "linkedin",
            "active": true,
            "display_order": 2
        },
        {
            "id": 3,
            "name": "Instagram",
            "external_provider": "instagram",
            "active": true,
            "display_order": 3
        },
        {
            "id": 4,
            "name": "Google",
            "external_provider": "google",
            "active": true,
            "display_order": 4
        },
        {
            "id": 8,
            "name": "Twitter",
            "external_provider": "twitter",
            "active": true,
            "display_order": 5
        },
        {
            "id": 9,
            "name": "Vk",
            "external_provider": "vk",
            "active": true,
            "display_order": 6
        },
        {
            "id": 10,
            "name": "Yahoo",
            "external_provider": "yahoo",
            "active": false,
            "display_order": 7
        },
        {
            "id": 5,
            "name": "Email",
            "external_provider": "undefined",
            "active": true,
            "display_order": 8
        },
        {
            "id": 11,
            "name": "Apple",
            "external_provider": "apple",
            "active": true,
            "display_order": 9
        }
    ],
    "version": "2.0"
}

]]></system-out>
  <system-err><![CDATA[]]></system-err>
</testsuite>
